[2025-07-23 09:21:13] [INFO] [wg.log:login_page.py:30] - 加载动态数据,打开网页：http://console.test425-qingzhou.com
[2025-07-23 09:21:13] [INFO] [wg.log:login_page.py:41] - 输入用户名: 'admin', 操作元素: role=textbox, name=请输入账号
[2025-07-23 09:21:13] [INFO] [wg.log:login_page.py:55] - 输入用户密码: 'admin123456', 操作元素: role=textbox, name=请输入密码
[2025-07-23 09:21:14] [INFO] [wg.log:login_page.py:69] - 点击登录按钮, 操作元素: text='登录', exact=True
[2025-07-23 09:21:21] [INFO] [wg.log:page_utils.py:22] - 登录轻舟：添加截图到Allure报告
[2025-07-23 09:21:22] [INFO] [wg.log:login_page.py:92] - 导航至API网关, 操作元素: base='div', text='re.compile('^API网关$')', child='span'
[2025-07-23 09:21:24] [INFO] [wg.log:page_utils.py:22] - 登录网关平台：添加截图到Allure报告
[2025-07-23 09:21:26] [INFO] [wg.log:login_page.py:30] - 加载动态数据,打开网页：http://console.test425-qingzhou.com
[2025-07-23 09:21:27] [INFO] [wg.log:login_page.py:41] - 输入用户名: 'admin', 操作元素: role=textbox, name=请输入账号
[2025-07-23 09:21:27] [INFO] [wg.log:login_page.py:55] - 输入用户密码: 'admin123456', 操作元素: role=textbox, name=请输入密码
[2025-07-23 09:21:27] [INFO] [wg.log:login_page.py:69] - 点击登录按钮, 操作元素: text='登录', exact=True
[2025-07-23 09:21:31] [INFO] [wg.log:login_page.py:92] - 导航至API网关, 操作元素: base='div', text='re.compile('^API网关$')', child='span'
[2025-07-23 09:21:32] [INFO] [wg.log:service_page.py:30] - 点击服务管理菜单, 操作元素: role=menuitem, name=服务管理
[2025-07-23 09:21:33] [INFO] [wg.log:service_page.py:44] - 点击'创建服务'按钮, 操作元素: base=a, text=创建服务
[2025-07-23 09:21:33] [INFO] [wg.log:service_page.py:57] - 选择协议: 'HTTP', 操作元素: role=radio, name=HTTP, exact=True
[2025-07-23 09:21:33] [INFO] [wg.log:service_page.py:70] - 输入服务名称: qingzhou-test-service, 操作元素: placeholder=以小写字母或数字开头和结尾，支持符号：-，2-63个字符以内
[2025-07-23 09:21:33] [INFO] [wg.log:service_page.py:83] - 输入服务别名: qingzhou_test_service, 操作元素: placeholder=100个字符以内
[2025-07-23 09:21:34] [INFO] [wg.log:service_page.py:99] - 选择网关: gateway-proxy, 操作元素: placeholder=请选择网关, 选项文本=gateway-proxy
[2025-07-23 09:21:34] [INFO] [wg.log:service_page.py:115] - 选择注册中心类型: Kubernetes, 操作元素: placeholder=请选择注册中心类型, 选项文本=Kubernetes
[2025-07-23 09:21:35] [INFO] [wg.log:service_page.py:123] - 选择应用名称: apigw-demo-e2e.apigw-demo.svc.cluster.local, 操作元素: placeholder=请选择应用名称, 选项文本=apigw-demo-e2e.apigw-demo.svc.cluster.local
[2025-07-23 09:21:35] [INFO] [wg.log:service_page.py:137] - 选择域名: 10.104.183.13, 操作元素: base=div, text=re.compile('^域名10\\.104\\.183\\.13'), child=textbox
[2025-07-23 09:21:35] [INFO] [wg.log:service_page.py:151] - 点击确定按钮, 操作元素: base=a, text=^确定$
[2025-07-23 09:33:14] [INFO] [wg.log:login_page.py:30] - 加载动态数据,打开网页：http://console.test425-qingzhou.com
[2025-07-23 09:33:14] [INFO] [wg.log:login_page.py:41] - 输入用户名: 'admin', 操作元素: role=textbox, name=请输入账号
[2025-07-23 09:33:14] [INFO] [wg.log:login_page.py:55] - 输入用户密码: 'admin123456', 操作元素: role=textbox, name=请输入密码
[2025-07-23 09:33:14] [INFO] [wg.log:login_page.py:69] - 点击登录按钮, 操作元素: text='登录', exact=True
[2025-07-23 09:33:20] [INFO] [wg.log:page_utils.py:22] - 登录轻舟：添加截图到Allure报告
[2025-07-23 09:33:20] [INFO] [wg.log:login_page.py:92] - 导航至API网关, 操作元素: base='div', text='re.compile('^API网关$')', child='span'
[2025-07-23 09:33:22] [INFO] [wg.log:page_utils.py:22] - 登录网关平台：添加截图到Allure报告
[2025-07-23 09:33:25] [INFO] [wg.log:login_page.py:30] - 加载动态数据,打开网页：http://console.test425-qingzhou.com
[2025-07-23 09:33:25] [INFO] [wg.log:login_page.py:41] - 输入用户名: 'admin', 操作元素: role=textbox, name=请输入账号
[2025-07-23 09:33:25] [INFO] [wg.log:login_page.py:55] - 输入用户密码: 'admin123456', 操作元素: role=textbox, name=请输入密码
[2025-07-23 09:33:25] [INFO] [wg.log:login_page.py:69] - 点击登录按钮, 操作元素: text='登录', exact=True
[2025-07-23 09:33:29] [INFO] [wg.log:login_page.py:92] - 导航至API网关, 操作元素: base='div', text='re.compile('^API网关$')', child='span'
[2025-07-23 09:33:30] [INFO] [wg.log:service_page.py:30] - 点击服务管理菜单, 操作元素: role=menuitem, name=服务管理
[2025-07-23 09:33:31] [INFO] [wg.log:service_page.py:44] - 点击'创建服务'按钮, 操作元素: base=a, text=创建服务
[2025-07-23 09:33:31] [INFO] [wg.log:service_page.py:57] - 选择协议: 'HTTP', 操作元素: role=radio, name=HTTP, exact=True
[2025-07-23 09:33:31] [INFO] [wg.log:service_page.py:70] - 输入服务名称: qingzhou-test-service, 操作元素: placeholder=以小写字母或数字开头和结尾，支持符号：-，2-63个字符以内
[2025-07-23 09:33:31] [INFO] [wg.log:service_page.py:83] - 输入服务别名: qingzhou_test_service, 操作元素: placeholder=100个字符以内
[2025-07-23 09:33:32] [INFO] [wg.log:service_page.py:99] - 选择网关: gateway-proxy, 操作元素: placeholder=请选择网关, 选项文本=gateway-proxy
[2025-07-23 09:33:32] [INFO] [wg.log:service_page.py:115] - 选择注册中心类型: Kubernetes, 操作元素: placeholder=请选择注册中心类型, 选项文本=Kubernetes
[2025-07-23 09:33:33] [INFO] [wg.log:service_page.py:123] - 选择应用名称: apigw-demo-e2e.apigw-demo.svc.cluster.local, 操作元素: placeholder=请选择应用名称, 选项文本=apigw-demo-e2e.apigw-demo.svc.cluster.local
[2025-07-23 09:33:33] [INFO] [wg.log:service_page.py:137] - 选择域名: 10.104.183.13, 操作元素: base=div, text=re.compile('^域名10\\.104\\.183\\.13'), child=textbox
[2025-07-23 09:33:33] [INFO] [wg.log:service_page.py:151] - 点击确定按钮, 操作元素: base=a, text=^确定$
[2025-07-23 09:47:56] [INFO] [wg.log:login_page.py:30] - 加载动态数据,打开网页：http://console.test425-qingzhou.com
[2025-07-23 09:47:56] [INFO] [wg.log:login_page.py:41] - 输入用户名: 'admin', 操作元素: role=textbox, name=请输入账号
[2025-07-23 09:47:56] [INFO] [wg.log:login_page.py:55] - 输入用户密码: 'admin123456', 操作元素: role=textbox, name=请输入密码
[2025-07-23 09:47:56] [INFO] [wg.log:login_page.py:69] - 点击登录按钮, 操作元素: text='登录', exact=True
[2025-07-23 09:48:05] [INFO] [wg.log:page_utils.py:23] - 登录轻舟：添加截图到Allure报告
[2025-07-23 09:48:05] [INFO] [wg.log:login_page.py:92] - 导航至API网关, 操作元素: base='div', text='re.compile('^API网关$')', child='span'
[2025-07-23 09:48:07] [INFO] [wg.log:page_utils.py:23] - 登录网关平台：添加截图到Allure报告
[2025-07-23 09:48:10] [INFO] [wg.log:login_page.py:30] - 加载动态数据,打开网页：http://console.test425-qingzhou.com
[2025-07-23 09:48:10] [INFO] [wg.log:login_page.py:41] - 输入用户名: 'admin', 操作元素: role=textbox, name=请输入账号
[2025-07-23 09:48:10] [INFO] [wg.log:login_page.py:55] - 输入用户密码: 'admin123456', 操作元素: role=textbox, name=请输入密码
[2025-07-23 09:48:10] [INFO] [wg.log:login_page.py:69] - 点击登录按钮, 操作元素: text='登录', exact=True
[2025-07-23 09:48:14] [INFO] [wg.log:login_page.py:92] - 导航至API网关, 操作元素: base='div', text='re.compile('^API网关$')', child='span'
[2025-07-23 09:48:16] [INFO] [wg.log:service_page.py:32] - 点击服务管理菜单, 操作元素: role=menuitem, name=服务管理
[2025-07-23 09:48:17] [INFO] [wg.log:service_page.py:46] - 点击'创建服务'按钮, 操作元素: base=a, text=创建服务
[2025-07-23 09:48:17] [INFO] [wg.log:service_page.py:59] - 选择协议: 'HTTP', 操作元素: role=radio, name=HTTP, exact=True
[2025-07-23 09:48:17] [INFO] [wg.log:service_page.py:72] - 输入服务名称: qingzhou-test-service, 操作元素: placeholder=以小写字母或数字开头和结尾，支持符号：-，2-63个字符以内
[2025-07-23 09:48:17] [INFO] [wg.log:service_page.py:85] - 输入服务别名: qingzhou_test_service, 操作元素: placeholder=100个字符以内
[2025-07-23 09:48:17] [INFO] [wg.log:service_page.py:101] - 选择网关: gateway-proxy, 操作元素: placeholder=请选择网关, 选项文本=gateway-proxy
[2025-07-23 09:48:18] [INFO] [wg.log:service_page.py:117] - 选择注册中心类型: Kubernetes, 操作元素: placeholder=请选择注册中心类型, 选项文本=Kubernetes
[2025-07-23 09:48:18] [INFO] [wg.log:service_page.py:125] - 选择应用名称: apigw-demo-e2e.apigw-demo.svc.cluster.local, 操作元素: placeholder=请选择应用名称, 选项文本=apigw-demo-e2e.apigw-demo.svc.cluster.local
[2025-07-23 09:48:18] [INFO] [wg.log:service_page.py:139] - 选择域名: 10.104.183.13, 操作元素: base=div, text=re.compile('^域名10\\.104\\.183\\.13'), child=textbox
[2025-07-23 09:48:20] [INFO] [wg.log:page_utils.py:23] - 点击确认按钮后截图：添加截图到Allure报告
[2025-07-23 09:48:20] [INFO] [wg.log:service_page.py:154] - 点击确定按钮, 操作元素: base=a, text=^确定$
[2025-07-23 10:08:02] [INFO] [wg.log:login_page.py:30] - 加载动态数据,打开网页：http://console.test425-qingzhou.com
[2025-07-23 10:08:02] [INFO] [wg.log:login_page.py:41] - 输入用户名: 'admin', 操作元素: role=textbox, name=请输入账号
[2025-07-23 10:08:02] [INFO] [wg.log:login_page.py:55] - 输入用户密码: 'admin123456', 操作元素: role=textbox, name=请输入密码
[2025-07-23 10:08:02] [INFO] [wg.log:login_page.py:69] - 点击登录按钮, 操作元素: text='登录', exact=True
[2025-07-23 10:08:06] [INFO] [wg.log:login_page.py:92] - 导航至API网关, 操作元素: base='div', text='re.compile('^API网关$')', child='span'
[2025-07-23 10:08:08] [INFO] [wg.log:service_page.py:32] - 点击服务管理菜单, 操作元素: role=menuitem, name=服务管理
[2025-07-23 10:08:09] [INFO] [wg.log:service_page.py:46] - 点击'创建服务'按钮, 操作元素: base=a, text=创建服务
[2025-07-23 10:08:09] [INFO] [wg.log:service_page.py:59] - 选择协议: 'HTTP', 操作元素: role=radio, name=HTTP, exact=True
[2025-07-23 10:08:09] [INFO] [wg.log:service_page.py:72] - 输入服务名称: qingzhou-test-service, 操作元素: placeholder=以小写字母或数字开头和结尾，支持符号：-，2-63个字符以内
[2025-07-23 10:08:09] [INFO] [wg.log:service_page.py:85] - 输入服务别名: qingzhou_test_service, 操作元素: placeholder=100个字符以内
[2025-07-23 10:08:09] [INFO] [wg.log:service_page.py:101] - 选择网关: gateway-proxy, 操作元素: placeholder=请选择网关, 选项文本=gateway-proxy
[2025-07-23 10:08:10] [INFO] [wg.log:service_page.py:117] - 选择注册中心类型: Kubernetes, 操作元素: placeholder=请选择注册中心类型, 选项文本=Kubernetes
[2025-07-23 10:08:12] [INFO] [wg.log:service_page.py:125] - 选择应用名称: apigw-demo-e2e.apigw-demo.svc.cluster.local, 操作元素: placeholder=请选择应用名称, 选项文本=apigw-demo-e2e.apigw-demo.svc.cluster.local
[2025-07-23 10:08:12] [INFO] [wg.log:service_page.py:139] - 选择域名: 10.104.183.13, 操作元素: base=div, text=re.compile('^域名10\\.104\\.183\\.13'), child=textbox
[2025-07-23 10:08:13] [INFO] [wg.log:page_utils.py:23] - 点击确认按钮后截图：添加截图到Allure报告
[2025-07-23 10:08:13] [INFO] [wg.log:service_page.py:154] - 点击确定按钮, 操作元素: base=a, text=^确定$
[2025-07-23 10:58:44] [INFO] [wg.log:login_page.py:30] - 加载动态数据,打开网页：http://console.test425-qingzhou.com
[2025-07-23 10:58:44] [INFO] [wg.log:login_page.py:41] - 输入用户名: 'admin', 操作元素: role=textbox, name=请输入账号
[2025-07-23 10:58:44] [INFO] [wg.log:login_page.py:55] - 输入用户密码: 'admin123456', 操作元素: role=textbox, name=请输入密码
[2025-07-23 10:58:44] [INFO] [wg.log:login_page.py:69] - 点击登录按钮, 操作元素: text='登录', exact=True
[2025-07-23 10:58:48] [INFO] [wg.log:login_page.py:92] - 导航至API网关, 操作元素: base='div', text='re.compile('^API网关$')', child='span'
[2025-07-23 10:58:49] [INFO] [wg.log:service_page.py:32] - 点击服务管理菜单, 操作元素: role=menuitem, name=服务管理
[2025-07-23 10:58:50] [INFO] [wg.log:service_page.py:46] - 点击'创建服务'按钮, 操作元素: base=a, text=创建服务
[2025-07-23 10:58:50] [INFO] [wg.log:service_page.py:59] - 选择协议: 'HTTP', 操作元素: role=radio, name=HTTP, exact=True
[2025-07-23 10:58:50] [INFO] [wg.log:service_page.py:72] - 输入服务名称: qingzhou-test-service, 操作元素: placeholder=以小写字母或数字开头和结尾，支持符号：-，2-63个字符以内
[2025-07-23 10:58:50] [INFO] [wg.log:service_page.py:85] - 输入服务别名: qingzhou_test_service, 操作元素: placeholder=100个字符以内
[2025-07-23 10:58:50] [INFO] [wg.log:service_page.py:101] - 选择网关: gateway-proxy, 操作元素: placeholder=请选择网关, 选项文本=gateway-proxy
[2025-07-23 10:58:51] [INFO] [wg.log:service_page.py:117] - 选择注册中心类型: Kubernetes, 操作元素: placeholder=请选择注册中心类型, 选项文本=Kubernetes
[2025-07-23 10:58:52] [INFO] [wg.log:service_page.py:125] - 选择应用名称: apigw-demo-e2e.apigw-demo.svc.cluster.local, 操作元素: placeholder=请选择应用名称, 选项文本=apigw-demo-e2e.apigw-demo.svc.cluster.local
[2025-07-23 10:58:52] [INFO] [wg.log:service_page.py:139] - 选择域名: 10.104.183.13, 操作元素: base=div, text=re.compile('^域名10\\.104\\.183\\.13'), child=textbox
[2025-07-23 10:58:52] [INFO] [wg.log:service_page.py:153] - 点击确定按钮, 操作元素: base=a, text=^确定$
[2025-07-23 10:58:53] [INFO] [wg.log:page_utils.py:23] - 点击确认按钮后截图：添加截图到Allure报告
[2025-07-23 10:58:53] [ERROR] [wg.log:service_page.py:171] - 搜索服务失败: 网关=gateway-proxy, 服务=qingzhou-test-service, 错误: Locator.click: Error: strict mode violation: get_by_text("gateway-proxy", exact=True) resolved to 2 elements:
    1) <span>gateway-proxy</span> aka locator("form").get_by_text("gateway-proxy", exact=True)
    2) <div class="cell el-tooltip">gateway-proxy</div> aka get_by_role("cell", name="gateway-proxy").locator("div")

Call log:
waiting for get_by_text("gateway-proxy", exact=True)

[2025-07-23 11:02:56] [INFO] [wg.log:login_page.py:30] - 加载动态数据,打开网页：http://console.test425-qingzhou.com
[2025-07-23 11:02:56] [INFO] [wg.log:login_page.py:41] - 输入用户名: 'admin', 操作元素: role=textbox, name=请输入账号
[2025-07-23 11:02:56] [INFO] [wg.log:login_page.py:55] - 输入用户密码: 'admin123456', 操作元素: role=textbox, name=请输入密码
[2025-07-23 11:02:56] [INFO] [wg.log:login_page.py:69] - 点击登录按钮, 操作元素: text='登录', exact=True
[2025-07-23 11:03:00] [INFO] [wg.log:login_page.py:92] - 导航至API网关, 操作元素: base='div', text='re.compile('^API网关$')', child='span'
[2025-07-23 11:03:01] [INFO] [wg.log:service_page.py:32] - 点击服务管理菜单, 操作元素: role=menuitem, name=服务管理
[2025-07-23 11:03:02] [INFO] [wg.log:service_page.py:46] - 点击'创建服务'按钮, 操作元素: base=a, text=创建服务
[2025-07-23 11:03:02] [INFO] [wg.log:service_page.py:59] - 选择协议: 'HTTP', 操作元素: role=radio, name=HTTP, exact=True
[2025-07-23 11:03:02] [INFO] [wg.log:service_page.py:72] - 输入服务名称: qingzhou-test-service, 操作元素: placeholder=以小写字母或数字开头和结尾，支持符号：-，2-63个字符以内
[2025-07-23 11:03:02] [INFO] [wg.log:service_page.py:85] - 输入服务别名: qingzhou_test_service, 操作元素: placeholder=100个字符以内
[2025-07-23 11:03:03] [INFO] [wg.log:service_page.py:101] - 选择网关: gateway-proxy, 操作元素: placeholder=请选择网关, 选项文本=gateway-proxy
[2025-07-23 11:03:03] [INFO] [wg.log:service_page.py:117] - 选择注册中心类型: Kubernetes, 操作元素: placeholder=请选择注册中心类型, 选项文本=Kubernetes
[2025-07-23 11:03:04] [INFO] [wg.log:service_page.py:125] - 选择应用名称: apigw-demo-e2e.apigw-demo.svc.cluster.local, 操作元素: placeholder=请选择应用名称, 选项文本=apigw-demo-e2e.apigw-demo.svc.cluster.local
[2025-07-23 11:03:04] [INFO] [wg.log:service_page.py:139] - 选择域名: 10.104.183.13, 操作元素: base=div, text=re.compile('^域名10\\.104\\.183\\.13'), child=textbox
[2025-07-23 11:03:04] [INFO] [wg.log:service_page.py:153] - 点击确定按钮, 操作元素: base=a, text=^确定$
[2025-07-23 11:03:05] [INFO] [wg.log:page_utils.py:23] - 点击确认按钮后截图：添加截图到Allure报告
[2025-07-23 11:03:25] [INFO] [wg.log:service_page.py:169] - 查询服务: 网关=gateway-proxy, 服务=qingzhou-test-service
[2025-07-23 11:04:09] [INFO] [wg.log:login_page.py:30] - 加载动态数据,打开网页：http://console.test425-qingzhou.com
[2025-07-23 11:04:09] [INFO] [wg.log:login_page.py:41] - 输入用户名: 'admin', 操作元素: role=textbox, name=请输入账号
[2025-07-23 11:04:09] [INFO] [wg.log:login_page.py:55] - 输入用户密码: 'admin123456', 操作元素: role=textbox, name=请输入密码
[2025-07-23 11:04:09] [INFO] [wg.log:login_page.py:69] - 点击登录按钮, 操作元素: text='登录', exact=True
[2025-07-23 11:04:13] [INFO] [wg.log:login_page.py:92] - 导航至API网关, 操作元素: base='div', text='re.compile('^API网关$')', child='span'
[2025-07-23 11:04:15] [INFO] [wg.log:service_page.py:32] - 点击服务管理菜单, 操作元素: role=menuitem, name=服务管理
[2025-07-23 11:04:15] [INFO] [wg.log:service_page.py:46] - 点击'创建服务'按钮, 操作元素: base=a, text=创建服务
[2025-07-23 11:04:15] [INFO] [wg.log:service_page.py:59] - 选择协议: 'HTTP', 操作元素: role=radio, name=HTTP, exact=True
[2025-07-23 11:04:15] [INFO] [wg.log:service_page.py:72] - 输入服务名称: qingzhou-test-service, 操作元素: placeholder=以小写字母或数字开头和结尾，支持符号：-，2-63个字符以内
[2025-07-23 11:04:15] [INFO] [wg.log:service_page.py:85] - 输入服务别名: qingzhou_test_service, 操作元素: placeholder=100个字符以内
[2025-07-23 11:04:16] [INFO] [wg.log:service_page.py:101] - 选择网关: gateway-proxy, 操作元素: placeholder=请选择网关, 选项文本=gateway-proxy
[2025-07-23 11:04:16] [INFO] [wg.log:service_page.py:117] - 选择注册中心类型: Kubernetes, 操作元素: placeholder=请选择注册中心类型, 选项文本=Kubernetes
[2025-07-23 11:04:17] [INFO] [wg.log:service_page.py:125] - 选择应用名称: apigw-demo-e2e.apigw-demo.svc.cluster.local, 操作元素: placeholder=请选择应用名称, 选项文本=apigw-demo-e2e.apigw-demo.svc.cluster.local
[2025-07-23 11:04:17] [INFO] [wg.log:service_page.py:139] - 选择域名: 10.104.183.13, 操作元素: base=div, text=re.compile('^域名10\\.104\\.183\\.13'), child=textbox
[2025-07-23 11:04:17] [INFO] [wg.log:service_page.py:153] - 点击确定按钮, 操作元素: base=a, text=^确定$
[2025-07-23 11:04:18] [INFO] [wg.log:page_utils.py:23] - 点击确认按钮后截图：添加截图到Allure报告
[2025-07-23 11:04:19] [INFO] [wg.log:service_page.py:169] - 查询服务: 网关=gateway-proxy, 服务=qingzhou-test-service
[2025-07-23 11:22:26] [INFO] [wg.log:login_page.py:30] - 加载动态数据,打开网页：http://console.test425-qingzhou.com
[2025-07-23 11:22:26] [INFO] [wg.log:login_page.py:41] - 输入用户名: 'admin', 操作元素: role=textbox, name=请输入账号
[2025-07-23 11:22:26] [INFO] [wg.log:login_page.py:55] - 输入用户密码: 'admin123456', 操作元素: role=textbox, name=请输入密码
[2025-07-23 11:22:26] [INFO] [wg.log:login_page.py:69] - 点击登录按钮, 操作元素: text='登录', exact=True
[2025-07-23 11:22:30] [INFO] [wg.log:login_page.py:92] - 导航至API网关, 操作元素: base='div', text='re.compile('^API网关$')', child='span'
[2025-07-23 11:22:31] [INFO] [wg.log:service_page.py:32] - 点击服务管理菜单, 操作元素: role=menuitem, name=服务管理
[2025-07-23 11:22:32] [INFO] [wg.log:service_page.py:46] - 点击'创建服务'按钮, 操作元素: base=a, text=创建服务
[2025-07-23 11:22:32] [INFO] [wg.log:service_page.py:59] - 选择协议: 'HTTP', 操作元素: role=radio, name=HTTP, exact=True
[2025-07-23 11:22:32] [INFO] [wg.log:service_page.py:72] - 输入服务名称: qingzhou-test-service, 操作元素: placeholder=以小写字母或数字开头和结尾，支持符号：-，2-63个字符以内
[2025-07-23 11:22:32] [INFO] [wg.log:service_page.py:85] - 输入服务别名: qingzhou_test_service, 操作元素: placeholder=100个字符以内
[2025-07-23 11:22:32] [INFO] [wg.log:service_page.py:101] - 选择网关: gateway-proxy, 操作元素: placeholder=请选择网关, 选项文本=gateway-proxy
[2025-07-23 11:22:33] [INFO] [wg.log:service_page.py:117] - 选择注册中心类型: Kubernetes, 操作元素: placeholder=请选择注册中心类型, 选项文本=Kubernetes
[2025-07-23 11:22:33] [INFO] [wg.log:service_page.py:125] - 选择应用名称: apigw-demo-e2e.apigw-demo.svc.cluster.local, 操作元素: placeholder=请选择应用名称, 选项文本=apigw-demo-e2e.apigw-demo.svc.cluster.local
[2025-07-23 11:22:33] [INFO] [wg.log:service_page.py:139] - 选择域名: 10.104.183.13, 操作元素: base=div, text=re.compile('^域名10\\.104\\.183\\.13'), child=textbox
[2025-07-23 11:22:34] [INFO] [wg.log:service_page.py:153] - 点击确定按钮, 操作元素: base=a, text=^确定$
[2025-07-23 11:22:35] [INFO] [wg.log:page_utils.py:23] - 点击确认按钮后截图：添加截图到Allure报告
[2025-07-23 11:22:47] [INFO] [wg.log:service_page.py:169] - 查询服务: 网关=gateway-proxy, 服务=qingzhou-test-service
[2025-07-23 11:28:19] [INFO] [wg.log:login_page.py:30] - 加载动态数据,打开网页：http://console.test425-qingzhou.com
[2025-07-23 11:28:19] [INFO] [wg.log:login_page.py:41] - 输入用户名: 'admin', 操作元素: role=textbox, name=请输入账号
[2025-07-23 11:28:19] [INFO] [wg.log:login_page.py:55] - 输入用户密码: 'admin123456', 操作元素: role=textbox, name=请输入密码
[2025-07-23 11:28:19] [INFO] [wg.log:login_page.py:69] - 点击登录按钮, 操作元素: text='登录', exact=True
[2025-07-23 11:28:23] [INFO] [wg.log:login_page.py:92] - 导航至API网关, 操作元素: base='div', text='re.compile('^API网关$')', child='span'
[2025-07-23 11:28:25] [INFO] [wg.log:service_page.py:32] - 点击服务管理菜单, 操作元素: role=menuitem, name=服务管理
[2025-07-23 11:28:25] [INFO] [wg.log:service_page.py:46] - 点击'创建服务'按钮, 操作元素: base=a, text=创建服务
[2025-07-23 11:28:25] [INFO] [wg.log:service_page.py:59] - 选择协议: 'HTTP', 操作元素: role=radio, name=HTTP, exact=True
[2025-07-23 11:28:25] [INFO] [wg.log:service_page.py:72] - 输入服务名称: qingzhou-test-service, 操作元素: placeholder=以小写字母或数字开头和结尾，支持符号：-，2-63个字符以内
[2025-07-23 11:28:25] [INFO] [wg.log:service_page.py:85] - 输入服务别名: qingzhou_test_service, 操作元素: placeholder=100个字符以内
[2025-07-23 11:28:26] [INFO] [wg.log:service_page.py:101] - 选择网关: gateway-proxy, 操作元素: placeholder=请选择网关, 选项文本=gateway-proxy
[2025-07-23 11:28:26] [INFO] [wg.log:service_page.py:117] - 选择注册中心类型: Kubernetes, 操作元素: placeholder=请选择注册中心类型, 选项文本=Kubernetes
[2025-07-23 11:28:27] [INFO] [wg.log:service_page.py:125] - 选择应用名称: apigw-demo-e2e.apigw-demo.svc.cluster.local, 操作元素: placeholder=请选择应用名称, 选项文本=apigw-demo-e2e.apigw-demo.svc.cluster.local
[2025-07-23 11:28:27] [INFO] [wg.log:service_page.py:139] - 选择域名: 10.104.183.13, 操作元素: base=div, text=re.compile('^域名10\\.104\\.183\\.13'), child=textbox
[2025-07-23 11:28:27] [INFO] [wg.log:service_page.py:153] - 点击确定按钮, 操作元素: base=a, text=^确定$
[2025-07-23 11:28:28] [INFO] [wg.log:page_utils.py:23] - 点击确认按钮后截图：添加截图到Allure报告
[2025-07-23 11:28:42] [INFO] [wg.log:service_page.py:169] - 查询服务: 网关=gateway-proxy, 服务=qingzhou-test-service
[2025-07-23 11:28:42] [INFO] [wg.log:page_utils.py:39] - 验证成功: 元素 'qingzhou-test-service' 可见
[2025-07-23 11:30:00] [INFO] [wg.log:login_page.py:30] - 加载动态数据,打开网页：http://console.test425-qingzhou.com
[2025-07-23 11:30:00] [INFO] [wg.log:login_page.py:41] - 输入用户名: 'admin', 操作元素: role=textbox, name=请输入账号
[2025-07-23 11:30:00] [INFO] [wg.log:login_page.py:55] - 输入用户密码: 'admin123456', 操作元素: role=textbox, name=请输入密码
[2025-07-23 11:30:00] [INFO] [wg.log:login_page.py:69] - 点击登录按钮, 操作元素: text='登录', exact=True
[2025-07-23 11:30:05] [INFO] [wg.log:page_utils.py:23] - 登录轻舟：添加截图到Allure报告
[2025-07-23 11:30:05] [INFO] [wg.log:login_page.py:92] - 导航至API网关, 操作元素: base='div', text='re.compile('^API网关$')', child='span'
[2025-07-23 11:30:07] [INFO] [wg.log:page_utils.py:23] - 登录网关平台：添加截图到Allure报告
[2025-07-23 11:30:10] [INFO] [wg.log:login_page.py:30] - 加载动态数据,打开网页：http://console.test425-qingzhou.com
[2025-07-23 11:30:10] [INFO] [wg.log:login_page.py:41] - 输入用户名: 'admin', 操作元素: role=textbox, name=请输入账号
[2025-07-23 11:30:10] [INFO] [wg.log:login_page.py:55] - 输入用户密码: 'admin123456', 操作元素: role=textbox, name=请输入密码
[2025-07-23 11:30:10] [INFO] [wg.log:login_page.py:69] - 点击登录按钮, 操作元素: text='登录', exact=True
[2025-07-23 11:30:14] [INFO] [wg.log:login_page.py:92] - 导航至API网关, 操作元素: base='div', text='re.compile('^API网关$')', child='span'
[2025-07-23 11:30:16] [INFO] [wg.log:service_page.py:32] - 点击服务管理菜单, 操作元素: role=menuitem, name=服务管理
[2025-07-23 11:30:16] [INFO] [wg.log:service_page.py:46] - 点击'创建服务'按钮, 操作元素: base=a, text=创建服务
[2025-07-23 11:30:16] [INFO] [wg.log:service_page.py:59] - 选择协议: 'HTTP', 操作元素: role=radio, name=HTTP, exact=True
[2025-07-23 11:30:16] [INFO] [wg.log:service_page.py:72] - 输入服务名称: qingzhou-test-service, 操作元素: placeholder=以小写字母或数字开头和结尾，支持符号：-，2-63个字符以内
[2025-07-23 11:30:16] [INFO] [wg.log:service_page.py:85] - 输入服务别名: qingzhou_test_service, 操作元素: placeholder=100个字符以内
[2025-07-23 11:30:17] [INFO] [wg.log:service_page.py:101] - 选择网关: gateway-proxy, 操作元素: placeholder=请选择网关, 选项文本=gateway-proxy
[2025-07-23 11:30:17] [INFO] [wg.log:service_page.py:117] - 选择注册中心类型: Kubernetes, 操作元素: placeholder=请选择注册中心类型, 选项文本=Kubernetes
[2025-07-23 11:30:18] [INFO] [wg.log:service_page.py:125] - 选择应用名称: apigw-demo-e2e.apigw-demo.svc.cluster.local, 操作元素: placeholder=请选择应用名称, 选项文本=apigw-demo-e2e.apigw-demo.svc.cluster.local
[2025-07-23 11:30:18] [INFO] [wg.log:service_page.py:139] - 选择域名: 10.104.183.13, 操作元素: base=div, text=re.compile('^域名10\\.104\\.183\\.13'), child=textbox
[2025-07-23 11:30:18] [INFO] [wg.log:service_page.py:153] - 点击确定按钮, 操作元素: base=a, text=^确定$
[2025-07-23 11:30:19] [INFO] [wg.log:page_utils.py:23] - 点击确认按钮后截图：添加截图到Allure报告
[2025-07-23 11:30:20] [INFO] [wg.log:service_page.py:169] - 查询服务: 网关=gateway-proxy, 服务=qingzhou-test-service
[2025-07-23 11:30:20] [INFO] [wg.log:page_utils.py:39] - 验证成功: 元素 'qingzhou-test-service' 可见
[2025-07-23 11:37:36] [INFO] [wg.log:login_page.py:30] - 加载动态数据,打开网页：http://console.test425-qingzhou.com
[2025-07-23 11:37:36] [INFO] [wg.log:login_page.py:41] - 输入用户名: 'admin', 操作元素: role=textbox, name=请输入账号
[2025-07-23 11:37:36] [INFO] [wg.log:login_page.py:55] - 输入用户密码: 'admin123456', 操作元素: role=textbox, name=请输入密码
[2025-07-23 11:37:36] [INFO] [wg.log:login_page.py:69] - 点击登录按钮, 操作元素: text='登录', exact=True
[2025-07-23 11:37:40] [INFO] [wg.log:login_page.py:92] - 导航至API网关, 操作元素: base='div', text='re.compile('^API网关$')', child='span'
[2025-07-23 11:37:41] [INFO] [wg.log:service_page.py:32] - 点击服务管理菜单, 操作元素: role=menuitem, name=服务管理
[2025-07-23 11:37:42] [INFO] [wg.log:service_page.py:46] - 点击'创建服务'按钮, 操作元素: base=a, text=创建服务
[2025-07-23 11:37:42] [INFO] [wg.log:service_page.py:59] - 选择协议: 'HTTP', 操作元素: role=radio, name=HTTP, exact=True
[2025-07-23 11:37:42] [INFO] [wg.log:service_page.py:72] - 输入服务名称: qingzhou-test-service, 操作元素: placeholder=以小写字母或数字开头和结尾，支持符号：-，2-63个字符以内
[2025-07-23 11:37:42] [INFO] [wg.log:service_page.py:85] - 输入服务别名: qingzhou_test_service, 操作元素: placeholder=100个字符以内
[2025-07-23 11:37:43] [INFO] [wg.log:service_page.py:101] - 选择网关: gateway-proxy, 操作元素: placeholder=请选择网关, 选项文本=gateway-proxy
[2025-07-23 11:37:43] [INFO] [wg.log:service_page.py:117] - 选择注册中心类型: Kubernetes, 操作元素: placeholder=请选择注册中心类型, 选项文本=Kubernetes
[2025-07-23 11:37:44] [INFO] [wg.log:service_page.py:125] - 选择应用名称: apigw-demo-e2e.apigw-demo.svc.cluster.local, 操作元素: placeholder=请选择应用名称, 选项文本=apigw-demo-e2e.apigw-demo.svc.cluster.local
[2025-07-23 11:37:44] [INFO] [wg.log:service_page.py:139] - 选择域名: 10.104.183.13, 操作元素: base=div, text=re.compile('^域名10\\.104\\.183\\.13'), child=textbox
[2025-07-23 11:37:44] [INFO] [wg.log:service_page.py:153] - 点击确定按钮, 操作元素: base=a, text=^确定$
[2025-07-23 11:37:45] [INFO] [wg.log:page_utils.py:23] - 点击确认按钮后截图：添加截图到Allure报告
[2025-07-23 11:37:46] [INFO] [wg.log:service_page.py:169] - 查询服务: 网关=gateway-proxy, 服务=qingzhou-test-service
[2025-07-23 11:37:46] [INFO] [wg.log:page_utils.py:39] - 验证成功: 元素 'qingzhou-test-service' 可见
[2025-07-23 11:37:46] [INFO] [wg.log:service_page.py:181] - 成功点击删除按钮: text=删除
[2025-07-23 11:38:52] [INFO] [wg.log:login_page.py:30] - 加载动态数据,打开网页：http://console.test425-qingzhou.com
[2025-07-23 11:38:52] [INFO] [wg.log:login_page.py:41] - 输入用户名: 'admin', 操作元素: role=textbox, name=请输入账号
[2025-07-23 11:38:52] [INFO] [wg.log:login_page.py:55] - 输入用户密码: 'admin123456', 操作元素: role=textbox, name=请输入密码
[2025-07-23 11:38:52] [INFO] [wg.log:login_page.py:69] - 点击登录按钮, 操作元素: text='登录', exact=True
[2025-07-23 11:38:56] [INFO] [wg.log:login_page.py:92] - 导航至API网关, 操作元素: base='div', text='re.compile('^API网关$')', child='span'
[2025-07-23 11:38:58] [INFO] [wg.log:service_page.py:32] - 点击服务管理菜单, 操作元素: role=menuitem, name=服务管理
[2025-07-23 11:38:59] [INFO] [wg.log:service_page.py:46] - 点击'创建服务'按钮, 操作元素: base=a, text=创建服务
[2025-07-23 11:38:59] [INFO] [wg.log:service_page.py:59] - 选择协议: 'HTTP', 操作元素: role=radio, name=HTTP, exact=True
[2025-07-23 11:38:59] [INFO] [wg.log:service_page.py:72] - 输入服务名称: qingzhou-test-service, 操作元素: placeholder=以小写字母或数字开头和结尾，支持符号：-，2-63个字符以内
[2025-07-23 11:38:59] [INFO] [wg.log:service_page.py:85] - 输入服务别名: qingzhou_test_service, 操作元素: placeholder=100个字符以内
[2025-07-23 11:38:59] [INFO] [wg.log:service_page.py:101] - 选择网关: gateway-proxy, 操作元素: placeholder=请选择网关, 选项文本=gateway-proxy
[2025-07-23 11:39:00] [INFO] [wg.log:service_page.py:117] - 选择注册中心类型: Kubernetes, 操作元素: placeholder=请选择注册中心类型, 选项文本=Kubernetes
[2025-07-23 11:39:01] [INFO] [wg.log:service_page.py:125] - 选择应用名称: apigw-demo-e2e.apigw-demo.svc.cluster.local, 操作元素: placeholder=请选择应用名称, 选项文本=apigw-demo-e2e.apigw-demo.svc.cluster.local
[2025-07-23 11:39:01] [INFO] [wg.log:service_page.py:139] - 选择域名: 10.104.183.13, 操作元素: base=div, text=re.compile('^域名10\\.104\\.183\\.13'), child=textbox
[2025-07-23 11:39:01] [INFO] [wg.log:service_page.py:153] - 点击确定按钮, 操作元素: base=a, text=^确定$
[2025-07-23 11:39:02] [INFO] [wg.log:page_utils.py:23] - 点击确认按钮后截图：添加截图到Allure报告
[2025-07-23 11:39:02] [INFO] [wg.log:service_page.py:169] - 查询服务: 网关=gateway-proxy, 服务=qingzhou-test-service
[2025-07-23 11:39:03] [INFO] [wg.log:page_utils.py:39] - 验证成功: 元素 'qingzhou-test-service' 可见
[2025-07-23 11:39:03] [INFO] [wg.log:service_page.py:181] - 删除服务: text=删除
[2025-07-23 12:27:19] [INFO] [wg.log:login_page.py:30] - 加载动态数据,打开网页：http://console.test425-qingzhou.com
[2025-07-23 12:27:19] [INFO] [wg.log:login_page.py:41] - 输入用户名: 'admin', 操作元素: role=textbox, name=请输入账号
[2025-07-23 12:27:19] [INFO] [wg.log:login_page.py:55] - 输入用户密码: 'admin123456', 操作元素: role=textbox, name=请输入密码
[2025-07-23 12:27:19] [INFO] [wg.log:login_page.py:69] - 点击登录按钮, 操作元素: text='登录', exact=True
[2025-07-23 12:27:24] [INFO] [wg.log:login_page.py:92] - 导航至API网关, 操作元素: base='div', text='re.compile('^API网关$')', child='span'
[2025-07-23 12:27:25] [INFO] [wg.log:service_page.py:32] - 点击服务管理菜单, 操作元素: role=menuitem, name=服务管理
[2025-07-23 12:27:26] [INFO] [wg.log:service_page.py:46] - 点击'创建服务'按钮, 操作元素: base=a, text=创建服务
[2025-07-23 12:27:26] [INFO] [wg.log:service_page.py:59] - 选择协议: 'HTTP', 操作元素: role=radio, name=HTTP, exact=True
[2025-07-23 12:27:26] [INFO] [wg.log:service_page.py:72] - 输入服务名称: qingzhou-test-service, 操作元素: placeholder=以小写字母或数字开头和结尾，支持符号：-，2-63个字符以内
[2025-07-23 12:27:26] [INFO] [wg.log:service_page.py:85] - 输入服务别名: qingzhou_test_service, 操作元素: placeholder=100个字符以内
[2025-07-23 12:27:27] [INFO] [wg.log:service_page.py:101] - 选择网关: gateway-proxy, 操作元素: placeholder=请选择网关, 选项文本=gateway-proxy
[2025-07-23 12:27:27] [INFO] [wg.log:service_page.py:117] - 选择注册中心类型: Kubernetes, 操作元素: placeholder=请选择注册中心类型, 选项文本=Kubernetes
[2025-07-23 12:27:28] [INFO] [wg.log:service_page.py:125] - 选择应用名称: apigw-demo-e2e.apigw-demo.svc.cluster.local, 操作元素: placeholder=请选择应用名称, 选项文本=apigw-demo-e2e.apigw-demo.svc.cluster.local
[2025-07-23 12:27:28] [INFO] [wg.log:service_page.py:139] - 选择域名: 10.104.183.13, 操作元素: base=div, text=re.compile('^域名10\\.104\\.183\\.13'), child=textbox
[2025-07-23 12:27:28] [INFO] [wg.log:service_page.py:153] - 点击确定按钮, 操作元素: base=a, text=^确定$
[2025-07-23 12:27:29] [INFO] [wg.log:page_utils.py:23] - 点击确认按钮后截图：添加截图到Allure报告
[2025-07-23 12:27:30] [INFO] [wg.log:service_page.py:169] - 查询服务: 网关=gateway-proxy, 服务=qingzhou-test-service
[2025-07-23 12:27:30] [INFO] [wg.log:page_utils.py:39] - 验证成功: 元素 'qingzhou-test-service' 可见
[2025-07-23 12:27:30] [INFO] [wg.log:service_page.py:181] - 删除服务: text=删除
[2025-07-23 12:27:45] [INFO] [wg.log:login_page.py:30] - 加载动态数据,打开网页：http://console.test425-qingzhou.com
[2025-07-23 12:27:45] [INFO] [wg.log:login_page.py:41] - 输入用户名: 'admin', 操作元素: role=textbox, name=请输入账号
[2025-07-23 12:27:45] [INFO] [wg.log:login_page.py:55] - 输入用户密码: 'admin123456', 操作元素: role=textbox, name=请输入密码
[2025-07-23 12:27:46] [INFO] [wg.log:login_page.py:69] - 点击登录按钮, 操作元素: text='登录', exact=True
[2025-07-23 12:27:51] [INFO] [wg.log:page_utils.py:23] - 登录轻舟：添加截图到Allure报告
[2025-07-23 12:27:51] [INFO] [wg.log:login_page.py:92] - 导航至API网关, 操作元素: base='div', text='re.compile('^API网关$')', child='span'
[2025-07-23 12:27:54] [INFO] [wg.log:page_utils.py:23] - 登录网关平台：添加截图到Allure报告
[2025-07-23 12:27:56] [INFO] [wg.log:login_page.py:30] - 加载动态数据,打开网页：http://console.test425-qingzhou.com
[2025-07-23 12:27:56] [INFO] [wg.log:login_page.py:41] - 输入用户名: 'admin', 操作元素: role=textbox, name=请输入账号
[2025-07-23 12:27:56] [INFO] [wg.log:login_page.py:55] - 输入用户密码: 'admin123456', 操作元素: role=textbox, name=请输入密码
[2025-07-23 12:27:56] [INFO] [wg.log:login_page.py:69] - 点击登录按钮, 操作元素: text='登录', exact=True
[2025-07-23 12:28:00] [INFO] [wg.log:login_page.py:92] - 导航至API网关, 操作元素: base='div', text='re.compile('^API网关$')', child='span'
[2025-07-23 12:28:02] [INFO] [wg.log:service_page.py:32] - 点击服务管理菜单, 操作元素: role=menuitem, name=服务管理
[2025-07-23 12:28:02] [INFO] [wg.log:service_page.py:46] - 点击'创建服务'按钮, 操作元素: base=a, text=创建服务
[2025-07-23 12:28:02] [INFO] [wg.log:service_page.py:59] - 选择协议: 'HTTP', 操作元素: role=radio, name=HTTP, exact=True
[2025-07-23 12:28:03] [INFO] [wg.log:service_page.py:72] - 输入服务名称: qingzhou-test-service, 操作元素: placeholder=以小写字母或数字开头和结尾，支持符号：-，2-63个字符以内
[2025-07-23 12:28:03] [INFO] [wg.log:service_page.py:85] - 输入服务别名: qingzhou_test_service, 操作元素: placeholder=100个字符以内
[2025-07-23 12:28:03] [INFO] [wg.log:service_page.py:101] - 选择网关: gateway-proxy, 操作元素: placeholder=请选择网关, 选项文本=gateway-proxy
[2025-07-23 12:28:03] [INFO] [wg.log:service_page.py:117] - 选择注册中心类型: Kubernetes, 操作元素: placeholder=请选择注册中心类型, 选项文本=Kubernetes
[2025-07-23 12:28:04] [INFO] [wg.log:service_page.py:125] - 选择应用名称: apigw-demo-e2e.apigw-demo.svc.cluster.local, 操作元素: placeholder=请选择应用名称, 选项文本=apigw-demo-e2e.apigw-demo.svc.cluster.local
[2025-07-23 12:28:04] [INFO] [wg.log:service_page.py:139] - 选择域名: 10.104.183.13, 操作元素: base=div, text=re.compile('^域名10\\.104\\.183\\.13'), child=textbox
[2025-07-23 12:28:04] [INFO] [wg.log:service_page.py:153] - 点击确定按钮, 操作元素: base=a, text=^确定$
[2025-07-23 12:28:06] [INFO] [wg.log:page_utils.py:23] - 点击确认按钮后截图：添加截图到Allure报告
[2025-07-23 12:28:06] [INFO] [wg.log:service_page.py:169] - 查询服务: 网关=gateway-proxy, 服务=qingzhou-test-service
[2025-07-23 12:28:06] [INFO] [wg.log:page_utils.py:39] - 验证成功: 元素 'qingzhou-test-service' 可见
[2025-07-23 12:28:06] [INFO] [wg.log:service_page.py:181] - 删除服务: text=删除
[2025-07-23 12:35:23] [INFO] [wg.log:login_page.py:30] - 加载动态数据,打开网页：http://console.test425-qingzhou.com
[2025-07-23 12:35:23] [INFO] [wg.log:login_page.py:41] - 输入用户名: 'admin', 操作元素: role=textbox, name=请输入账号
[2025-07-23 12:35:23] [INFO] [wg.log:login_page.py:55] - 输入用户密码: 'admin123456', 操作元素: role=textbox, name=请输入密码
[2025-07-23 12:35:24] [INFO] [wg.log:login_page.py:69] - 点击登录按钮, 操作元素: text='登录', exact=True
[2025-07-23 12:35:29] [INFO] [wg.log:page_utils.py:23] - 登录轻舟：添加截图到Allure报告
[2025-07-23 12:35:29] [INFO] [wg.log:login_page.py:92] - 导航至API网关, 操作元素: base='div', text='re.compile('^API网关$')', child='span'
[2025-07-23 12:35:32] [INFO] [wg.log:page_utils.py:23] - 登录网关平台：添加截图到Allure报告
[2025-07-23 12:35:34] [INFO] [wg.log:login_page.py:30] - 加载动态数据,打开网页：http://console.test425-qingzhou.com
[2025-07-23 12:35:34] [INFO] [wg.log:login_page.py:41] - 输入用户名: 'admin', 操作元素: role=textbox, name=请输入账号
[2025-07-23 12:35:34] [INFO] [wg.log:login_page.py:55] - 输入用户密码: 'admin123456', 操作元素: role=textbox, name=请输入密码
[2025-07-23 12:35:34] [INFO] [wg.log:login_page.py:69] - 点击登录按钮, 操作元素: text='登录', exact=True
[2025-07-23 12:35:38] [INFO] [wg.log:login_page.py:92] - 导航至API网关, 操作元素: base='div', text='re.compile('^API网关$')', child='span'
[2025-07-23 12:35:39] [INFO] [wg.log:service_page.py:32] - 点击服务管理菜单, 操作元素: role=menuitem, name=服务管理
[2025-07-23 12:35:40] [INFO] [wg.log:service_page.py:46] - 点击'创建服务'按钮, 操作元素: base=a, text=创建服务
[2025-07-23 12:35:41] [INFO] [wg.log:service_page.py:59] - 选择协议: 'HTTP', 操作元素: role=radio, name=HTTP, exact=True
[2025-07-23 12:35:41] [INFO] [wg.log:service_page.py:72] - 输入服务名称: qingzhou-test-service, 操作元素: placeholder=以小写字母或数字开头和结尾，支持符号：-，2-63个字符以内
[2025-07-23 12:35:41] [INFO] [wg.log:service_page.py:85] - 输入服务别名: qingzhou_test_service, 操作元素: placeholder=100个字符以内
[2025-07-23 12:35:41] [INFO] [wg.log:service_page.py:101] - 选择网关: gateway-proxy, 操作元素: placeholder=请选择网关, 选项文本=gateway-proxy
[2025-07-23 12:35:42] [INFO] [wg.log:service_page.py:117] - 选择注册中心类型: Kubernetes, 操作元素: placeholder=请选择注册中心类型, 选项文本=Kubernetes
[2025-07-23 12:35:42] [INFO] [wg.log:service_page.py:125] - 选择应用名称: apigw-demo-e2e.apigw-demo.svc.cluster.local, 操作元素: placeholder=请选择应用名称, 选项文本=apigw-demo-e2e.apigw-demo.svc.cluster.local
[2025-07-23 12:35:42] [INFO] [wg.log:service_page.py:139] - 选择域名: 10.104.183.13, 操作元素: base=div, text=re.compile('^域名10\\.104\\.183\\.13'), child=textbox
[2025-07-23 12:35:42] [INFO] [wg.log:service_page.py:153] - 点击确定按钮, 操作元素: base=a, text=^确定$
[2025-07-23 12:35:44] [INFO] [wg.log:page_utils.py:23] - 点击确认按钮后截图：添加截图到Allure报告
[2025-07-23 12:35:44] [INFO] [wg.log:service_page.py:169] - 查询服务: 网关=gateway-proxy, 服务=qingzhou-test-service
[2025-07-23 12:35:44] [INFO] [wg.log:page_utils.py:39] - 验证成功: 元素 'qingzhou-test-service' 可见
[2025-07-23 12:35:44] [INFO] [wg.log:service_page.py:181] - 删除服务: text=删除
[2025-07-23 12:44:11] [INFO] [wg.log:login_page.py:30] - 加载动态数据,打开网页：http://console.test425-qingzhou.com
[2025-07-23 12:44:11] [INFO] [wg.log:login_page.py:41] - 输入用户名: 'admin', 操作元素: role=textbox, name=请输入账号
[2025-07-23 12:44:11] [INFO] [wg.log:login_page.py:55] - 输入用户密码: 'admin123456', 操作元素: role=textbox, name=请输入密码
[2025-07-23 12:44:11] [INFO] [wg.log:login_page.py:69] - 点击登录按钮, 操作元素: text='登录', exact=True
[2025-07-23 12:44:16] [INFO] [wg.log:page_utils.py:23] - 登录轻舟：添加截图到Allure报告
[2025-07-23 12:44:16] [INFO] [wg.log:login_page.py:92] - 导航至API网关, 操作元素: base='div', text='re.compile('^API网关$')', child='span'
[2025-07-23 12:44:19] [INFO] [wg.log:page_utils.py:23] - 登录网关平台：添加截图到Allure报告
[2025-07-23 12:44:21] [INFO] [wg.log:login_page.py:30] - 加载动态数据,打开网页：http://console.test425-qingzhou.com
[2025-07-23 12:44:21] [INFO] [wg.log:login_page.py:41] - 输入用户名: 'admin', 操作元素: role=textbox, name=请输入账号
[2025-07-23 12:44:21] [INFO] [wg.log:login_page.py:55] - 输入用户密码: 'admin123456', 操作元素: role=textbox, name=请输入密码
[2025-07-23 12:44:21] [INFO] [wg.log:login_page.py:69] - 点击登录按钮, 操作元素: text='登录', exact=True
[2025-07-23 12:44:26] [INFO] [wg.log:login_page.py:92] - 导航至API网关, 操作元素: base='div', text='re.compile('^API网关$')', child='span'
[2025-07-23 12:44:27] [INFO] [wg.log:service_page.py:32] - 点击服务管理菜单, 操作元素: role=menuitem, name=服务管理
[2025-07-23 12:44:28] [INFO] [wg.log:service_page.py:46] - 点击'创建服务'按钮, 操作元素: base=a, text=创建服务
[2025-07-23 12:44:28] [INFO] [wg.log:service_page.py:59] - 选择协议: 'HTTP', 操作元素: role=radio, name=HTTP, exact=True
[2025-07-23 12:44:28] [INFO] [wg.log:service_page.py:72] - 输入服务名称: qingzhou-test-service, 操作元素: placeholder=以小写字母或数字开头和结尾，支持符号：-，2-63个字符以内
[2025-07-23 12:44:28] [INFO] [wg.log:service_page.py:85] - 输入服务别名: qingzhou_test_service, 操作元素: placeholder=100个字符以内
[2025-07-23 12:44:28] [INFO] [wg.log:service_page.py:101] - 选择网关: gateway-proxy, 操作元素: placeholder=请选择网关, 选项文本=gateway-proxy
[2025-07-23 12:44:29] [INFO] [wg.log:service_page.py:117] - 选择注册中心类型: Kubernetes, 操作元素: placeholder=请选择注册中心类型, 选项文本=Kubernetes
[2025-07-23 12:44:29] [INFO] [wg.log:service_page.py:125] - 选择应用名称: apigw-demo-e2e.apigw-demo.svc.cluster.local, 操作元素: placeholder=请选择应用名称, 选项文本=apigw-demo-e2e.apigw-demo.svc.cluster.local
[2025-07-23 12:44:29] [INFO] [wg.log:service_page.py:139] - 选择域名: 10.104.183.13, 操作元素: base=div, text=re.compile('^域名10\\.104\\.183\\.13'), child=textbox
[2025-07-23 12:44:30] [INFO] [wg.log:service_page.py:153] - 点击确定按钮, 操作元素: base=a, text=^确定$
[2025-07-23 12:44:31] [INFO] [wg.log:page_utils.py:23] - 点击确认按钮后截图：添加截图到Allure报告
[2025-07-23 12:44:48] [INFO] [wg.log:service_page.py:169] - 查询服务: 网关=gateway-proxy, 服务=qingzhou-test-service
[2025-07-23 12:44:48] [INFO] [wg.log:page_utils.py:39] - 验证成功: 元素 'qingzhou-test-service' 可见
[2025-07-23 12:44:48] [INFO] [wg.log:service_page.py:181] - 删除服务: text=删除
[2025-07-23 12:45:55] [INFO] [wg.log:login_page.py:30] - 加载动态数据,打开网页：http://console.test425-qingzhou.com
[2025-07-23 12:45:55] [INFO] [wg.log:login_page.py:41] - 输入用户名: 'admin', 操作元素: role=textbox, name=请输入账号
[2025-07-23 12:45:55] [INFO] [wg.log:login_page.py:55] - 输入用户密码: 'admin123456', 操作元素: role=textbox, name=请输入密码
[2025-07-23 12:45:55] [INFO] [wg.log:login_page.py:69] - 点击登录按钮, 操作元素: text='登录', exact=True
[2025-07-23 12:46:00] [INFO] [wg.log:page_utils.py:23] - 登录轻舟：添加截图到Allure报告
[2025-07-23 12:46:01] [INFO] [wg.log:login_page.py:92] - 导航至API网关, 操作元素: base='div', text='re.compile('^API网关$')', child='span'
[2025-07-23 12:46:03] [INFO] [wg.log:page_utils.py:23] - 登录网关平台：添加截图到Allure报告
[2025-07-23 12:46:06] [INFO] [wg.log:login_page.py:30] - 加载动态数据,打开网页：http://console.test425-qingzhou.com
[2025-07-23 12:46:06] [INFO] [wg.log:login_page.py:41] - 输入用户名: 'admin', 操作元素: role=textbox, name=请输入账号
[2025-07-23 12:46:06] [INFO] [wg.log:login_page.py:55] - 输入用户密码: 'admin123456', 操作元素: role=textbox, name=请输入密码
[2025-07-23 12:46:06] [INFO] [wg.log:login_page.py:69] - 点击登录按钮, 操作元素: text='登录', exact=True
[2025-07-23 12:46:10] [INFO] [wg.log:login_page.py:92] - 导航至API网关, 操作元素: base='div', text='re.compile('^API网关$')', child='span'
[2025-07-23 12:46:11] [INFO] [wg.log:service_page.py:32] - 点击服务管理菜单, 操作元素: role=menuitem, name=服务管理
[2025-07-23 12:46:11] [INFO] [wg.log:service_page.py:46] - 点击'创建服务'按钮, 操作元素: base=a, text=创建服务
[2025-07-23 12:46:12] [INFO] [wg.log:service_page.py:59] - 选择协议: 'HTTP', 操作元素: role=radio, name=HTTP, exact=True
[2025-07-23 12:46:12] [INFO] [wg.log:service_page.py:72] - 输入服务名称: qingzhou-test-service, 操作元素: placeholder=以小写字母或数字开头和结尾，支持符号：-，2-63个字符以内
[2025-07-23 12:46:12] [INFO] [wg.log:service_page.py:85] - 输入服务别名: qingzhou_test_service, 操作元素: placeholder=100个字符以内
[2025-07-23 12:46:12] [INFO] [wg.log:service_page.py:101] - 选择网关: gateway-proxy, 操作元素: placeholder=请选择网关, 选项文本=gateway-proxy
[2025-07-23 12:46:13] [INFO] [wg.log:service_page.py:117] - 选择注册中心类型: Kubernetes, 操作元素: placeholder=请选择注册中心类型, 选项文本=Kubernetes
[2025-07-23 12:46:13] [INFO] [wg.log:service_page.py:125] - 选择应用名称: apigw-demo-e2e.apigw-demo.svc.cluster.local, 操作元素: placeholder=请选择应用名称, 选项文本=apigw-demo-e2e.apigw-demo.svc.cluster.local
[2025-07-23 12:46:13] [INFO] [wg.log:service_page.py:139] - 选择域名: 10.104.183.13, 操作元素: base=div, text=re.compile('^域名10\\.104\\.183\\.13'), child=textbox
[2025-07-23 12:46:13] [INFO] [wg.log:service_page.py:153] - 点击确定按钮, 操作元素: base=a, text=^确定$
[2025-07-23 12:46:15] [INFO] [wg.log:page_utils.py:23] - 点击确认按钮后截图：添加截图到Allure报告
[2025-07-23 12:46:15] [INFO] [wg.log:service_page.py:169] - 查询服务: 网关=gateway-proxy, 服务=qingzhou-test-service
[2025-07-23 12:46:15] [INFO] [wg.log:page_utils.py:39] - 验证成功: 元素 'qingzhou-test-service' 可见
[2025-07-23 12:46:15] [INFO] [wg.log:service_page.py:181] - 删除服务: text=删除
[2025-07-23 12:52:35] [INFO] [wg.log:login_page.py:30] - 加载动态数据,打开网页：http://console.test425-qingzhou.com
[2025-07-23 12:52:35] [INFO] [wg.log:login_page.py:41] - 输入用户名: 'admin', 操作元素: role=textbox, name=请输入账号
[2025-07-23 12:52:36] [INFO] [wg.log:login_page.py:55] - 输入用户密码: 'admin123456', 操作元素: role=textbox, name=请输入密码
[2025-07-23 12:52:36] [INFO] [wg.log:login_page.py:69] - 点击登录按钮, 操作元素: text='登录', exact=True
[2025-07-23 12:52:39] [INFO] [wg.log:page_utils.py:23] - 登录轻舟：添加截图到Allure报告
[2025-07-23 12:52:40] [INFO] [wg.log:login_page.py:92] - 导航至API网关, 操作元素: base='div', text='re.compile('^API网关$')', child='span'
[2025-07-23 12:52:43] [INFO] [wg.log:page_utils.py:23] - 登录网关平台：添加截图到Allure报告
[2025-07-23 12:52:45] [INFO] [wg.log:login_page.py:30] - 加载动态数据,打开网页：http://console.test425-qingzhou.com
[2025-07-23 12:52:45] [INFO] [wg.log:login_page.py:41] - 输入用户名: 'admin', 操作元素: role=textbox, name=请输入账号
[2025-07-23 12:52:46] [INFO] [wg.log:login_page.py:55] - 输入用户密码: 'admin123456', 操作元素: role=textbox, name=请输入密码
[2025-07-23 12:52:46] [INFO] [wg.log:login_page.py:69] - 点击登录按钮, 操作元素: text='登录', exact=True
[2025-07-23 12:52:49] [INFO] [wg.log:login_page.py:92] - 导航至API网关, 操作元素: base='div', text='re.compile('^API网关$')', child='span'
[2025-07-23 12:52:51] [INFO] [wg.log:service_page.py:32] - 点击服务管理菜单, 操作元素: role=menuitem, name=服务管理
[2025-07-23 12:52:52] [INFO] [wg.log:service_page.py:46] - 点击'创建服务'按钮, 操作元素: base=a, text=创建服务
[2025-07-23 12:52:52] [INFO] [wg.log:service_page.py:59] - 选择协议: 'HTTP', 操作元素: role=radio, name=HTTP, exact=True
[2025-07-23 12:52:52] [INFO] [wg.log:service_page.py:72] - 输入服务名称: qingzhou-test-service, 操作元素: placeholder=以小写字母或数字开头和结尾，支持符号：-，2-63个字符以内
[2025-07-23 12:52:52] [INFO] [wg.log:service_page.py:85] - 输入服务别名: qingzhou_test_service, 操作元素: placeholder=100个字符以内
[2025-07-23 12:52:52] [INFO] [wg.log:service_page.py:101] - 选择网关: gateway-proxy, 操作元素: placeholder=请选择网关, 选项文本=gateway-proxy
[2025-07-23 12:52:53] [INFO] [wg.log:service_page.py:117] - 选择注册中心类型: Kubernetes, 操作元素: placeholder=请选择注册中心类型, 选项文本=Kubernetes
[2025-07-23 12:52:53] [INFO] [wg.log:service_page.py:125] - 选择应用名称: apigw-demo-e2e.apigw-demo.svc.cluster.local, 操作元素: placeholder=请选择应用名称, 选项文本=apigw-demo-e2e.apigw-demo.svc.cluster.local
[2025-07-23 12:52:53] [INFO] [wg.log:service_page.py:139] - 选择域名: 10.104.183.13, 操作元素: base=div, text=re.compile('^域名10\\.104\\.183\\.13'), child=textbox
[2025-07-23 12:52:53] [INFO] [wg.log:service_page.py:153] - 点击确定按钮, 操作元素: base=a, text=^确定$
[2025-07-23 12:52:55] [INFO] [wg.log:page_utils.py:23] - 点击确认按钮后截图：添加截图到Allure报告
[2025-07-23 12:52:55] [INFO] [wg.log:service_page.py:169] - 查询服务: 网关=gateway-proxy, 服务=qingzhou-test-service
[2025-07-23 12:52:55] [INFO] [wg.log:page_utils.py:39] - 验证成功: 元素 'qingzhou-test-service' 可见
[2025-07-23 12:52:55] [INFO] [wg.log:service_page.py:181] - 删除服务: text=删除
[2025-07-23 13:01:20] [INFO] [wg.log:login_page.py:30] - 加载动态数据,打开网页：http://console.test425-qingzhou.com
[2025-07-23 13:01:20] [INFO] [wg.log:login_page.py:41] - 输入用户名: 'admin', 操作元素: role=textbox, name=请输入账号
[2025-07-23 13:01:20] [INFO] [wg.log:login_page.py:55] - 输入用户密码: 'admin123456', 操作元素: role=textbox, name=请输入密码
[2025-07-23 13:01:20] [INFO] [wg.log:login_page.py:69] - 点击登录按钮, 操作元素: text='登录', exact=True
[2025-07-23 13:01:24] [INFO] [wg.log:login_page.py:92] - 导航至API网关, 操作元素: base='div', text='re.compile('^API网关$')', child='span'
[2025-07-23 13:01:25] [INFO] [wg.log:service_page.py:32] - 点击服务管理菜单, 操作元素: role=menuitem, name=服务管理
[2025-07-23 13:01:26] [INFO] [wg.log:service_page.py:46] - 点击'创建服务'按钮, 操作元素: base=a, text=创建服务
[2025-07-23 13:01:27] [INFO] [wg.log:service_page.py:59] - 选择协议: 'HTTP', 操作元素: role=radio, name=HTTP, exact=True
[2025-07-23 13:01:27] [INFO] [wg.log:service_page.py:72] - 输入服务名称: qingzhou-test-service, 操作元素: placeholder=以小写字母或数字开头和结尾，支持符号：-，2-63个字符以内
[2025-07-23 13:01:27] [INFO] [wg.log:service_page.py:85] - 输入服务别名: qingzhou_test_service, 操作元素: placeholder=100个字符以内
[2025-07-23 13:01:27] [INFO] [wg.log:service_page.py:101] - 选择网关: gateway-proxy, 操作元素: placeholder=请选择网关, 选项文本=gateway-proxy
[2025-07-23 13:01:28] [INFO] [wg.log:service_page.py:117] - 选择注册中心类型: Kubernetes, 操作元素: placeholder=请选择注册中心类型, 选项文本=Kubernetes
[2025-07-23 13:01:28] [INFO] [wg.log:service_page.py:125] - 选择应用名称: apigw-demo-e2e.apigw-demo.svc.cluster.local, 操作元素: placeholder=请选择应用名称, 选项文本=apigw-demo-e2e.apigw-demo.svc.cluster.local
[2025-07-23 13:01:28] [INFO] [wg.log:service_page.py:139] - 选择域名: 10.104.183.13, 操作元素: base=div, text=re.compile('^域名10\\.104\\.183\\.13'), child=textbox
[2025-07-23 13:01:28] [INFO] [wg.log:service_page.py:153] - 点击确定按钮, 操作元素: base=a, text=^确定$
[2025-07-23 13:01:30] [INFO] [wg.log:page_utils.py:23] - 点击确认按钮后截图：添加截图到Allure报告
[2025-07-23 13:01:32] [INFO] [wg.log:service_page.py:169] - 查询服务: 网关=gateway-proxy, 服务=qingzhou-test-service
[2025-07-23 13:01:32] [INFO] [wg.log:page_utils.py:39] - 验证成功: 元素 'qingzhou-test-service' 可见
[2025-07-23 13:01:32] [INFO] [wg.log:service_page.py:181] - 删除服务: text=删除
[2025-07-23 13:02:08] [INFO] [wg.log:login_page.py:30] - 加载动态数据,打开网页：http://console.test425-qingzhou.com
[2025-07-23 13:02:08] [INFO] [wg.log:login_page.py:41] - 输入用户名: 'admin', 操作元素: role=textbox, name=请输入账号
[2025-07-23 13:02:08] [INFO] [wg.log:login_page.py:55] - 输入用户密码: 'admin123456', 操作元素: role=textbox, name=请输入密码
[2025-07-23 13:02:08] [INFO] [wg.log:login_page.py:69] - 点击登录按钮, 操作元素: text='登录', exact=True
[2025-07-23 13:02:12] [INFO] [wg.log:login_page.py:92] - 导航至API网关, 操作元素: base='div', text='re.compile('^API网关$')', child='span'
[2025-07-23 13:02:13] [INFO] [wg.log:service_page.py:32] - 点击服务管理菜单, 操作元素: role=menuitem, name=服务管理
[2025-07-23 13:02:14] [INFO] [wg.log:service_page.py:46] - 点击'创建服务'按钮, 操作元素: base=a, text=创建服务
[2025-07-23 13:02:14] [INFO] [wg.log:service_page.py:59] - 选择协议: 'HTTP', 操作元素: role=radio, name=HTTP, exact=True
[2025-07-23 13:02:14] [INFO] [wg.log:service_page.py:72] - 输入服务名称: qingzhou-test-service, 操作元素: placeholder=以小写字母或数字开头和结尾，支持符号：-，2-63个字符以内
[2025-07-23 13:02:14] [INFO] [wg.log:service_page.py:85] - 输入服务别名: qingzhou_test_service, 操作元素: placeholder=100个字符以内
[2025-07-23 13:02:15] [INFO] [wg.log:service_page.py:101] - 选择网关: gateway-proxy, 操作元素: placeholder=请选择网关, 选项文本=gateway-proxy
[2025-07-23 13:02:15] [INFO] [wg.log:service_page.py:117] - 选择注册中心类型: Kubernetes, 操作元素: placeholder=请选择注册中心类型, 选项文本=Kubernetes
[2025-07-23 13:02:16] [INFO] [wg.log:service_page.py:125] - 选择应用名称: apigw-demo-e2e.apigw-demo.svc.cluster.local, 操作元素: placeholder=请选择应用名称, 选项文本=apigw-demo-e2e.apigw-demo.svc.cluster.local
[2025-07-23 13:02:16] [INFO] [wg.log:service_page.py:139] - 选择域名: 10.104.183.13, 操作元素: base=div, text=re.compile('^域名10\\.104\\.183\\.13'), child=textbox
[2025-07-23 13:02:16] [INFO] [wg.log:service_page.py:153] - 点击确定按钮, 操作元素: base=a, text=^确定$
[2025-07-23 13:02:17] [INFO] [wg.log:page_utils.py:23] - 点击确认按钮后截图：添加截图到Allure报告
[2025-07-23 13:02:18] [INFO] [wg.log:service_page.py:169] - 查询服务: 网关=gateway-proxy, 服务=qingzhou-test-service
[2025-07-23 13:02:18] [INFO] [wg.log:page_utils.py:39] - 验证成功: 元素 'qingzhou-test-service' 可见
[2025-07-23 13:02:18] [INFO] [wg.log:service_page.py:181] - 删除服务: text=删除
[2025-07-23 13:05:21] [INFO] [wg.log:login_page.py:30] - 加载动态数据,打开网页：http://console.test425-qingzhou.com
[2025-07-23 13:05:21] [INFO] [wg.log:login_page.py:41] - 输入用户名: 'admin', 操作元素: role=textbox, name=请输入账号
[2025-07-23 13:05:21] [INFO] [wg.log:login_page.py:55] - 输入用户密码: 'admin123456', 操作元素: role=textbox, name=请输入密码
[2025-07-23 13:05:21] [INFO] [wg.log:login_page.py:69] - 点击登录按钮, 操作元素: text='登录', exact=True
[2025-07-23 13:05:30] [INFO] [wg.log:page_utils.py:23] - 登录轻舟：添加截图到Allure报告
[2025-07-23 13:05:30] [INFO] [wg.log:login_page.py:92] - 导航至API网关, 操作元素: base='div', text='re.compile('^API网关$')', child='span'
[2025-07-23 13:05:35] [INFO] [wg.log:page_utils.py:23] - 登录网关平台：添加截图到Allure报告
[2025-07-23 13:05:39] [INFO] [wg.log:login_page.py:30] - 加载动态数据,打开网页：http://console.test425-qingzhou.com
[2025-07-23 13:05:39] [INFO] [wg.log:login_page.py:41] - 输入用户名: 'admin', 操作元素: role=textbox, name=请输入账号
[2025-07-23 13:05:39] [INFO] [wg.log:login_page.py:55] - 输入用户密码: 'admin123456', 操作元素: role=textbox, name=请输入密码
[2025-07-23 13:05:39] [INFO] [wg.log:login_page.py:69] - 点击登录按钮, 操作元素: text='登录', exact=True
[2025-07-23 13:05:50] [INFO] [wg.log:login_page.py:92] - 导航至API网关, 操作元素: base='div', text='re.compile('^API网关$')', child='span'
[2025-07-23 13:05:52] [INFO] [wg.log:service_page.py:32] - 点击服务管理菜单, 操作元素: role=menuitem, name=服务管理
[2025-07-23 13:05:52] [INFO] [wg.log:service_page.py:46] - 点击'创建服务'按钮, 操作元素: base=a, text=创建服务
[2025-07-23 13:05:52] [INFO] [wg.log:service_page.py:59] - 选择协议: 'HTTP', 操作元素: role=radio, name=HTTP, exact=True
[2025-07-23 13:05:52] [INFO] [wg.log:service_page.py:72] - 输入服务名称: qingzhou-test-service, 操作元素: placeholder=以小写字母或数字开头和结尾，支持符号：-，2-63个字符以内
[2025-07-23 13:05:52] [INFO] [wg.log:service_page.py:85] - 输入服务别名: qingzhou_test_service, 操作元素: placeholder=100个字符以内
[2025-07-23 13:05:53] [INFO] [wg.log:service_page.py:101] - 选择网关: gateway-proxy, 操作元素: placeholder=请选择网关, 选项文本=gateway-proxy
[2025-07-23 13:05:53] [INFO] [wg.log:service_page.py:117] - 选择注册中心类型: Kubernetes, 操作元素: placeholder=请选择注册中心类型, 选项文本=Kubernetes
[2025-07-23 13:05:54] [INFO] [wg.log:service_page.py:125] - 选择应用名称: apigw-demo-e2e.apigw-demo.svc.cluster.local, 操作元素: placeholder=请选择应用名称, 选项文本=apigw-demo-e2e.apigw-demo.svc.cluster.local
[2025-07-23 13:05:54] [INFO] [wg.log:service_page.py:139] - 选择域名: 10.104.183.13, 操作元素: base=div, text=re.compile('^域名10\\.104\\.183\\.13'), child=textbox
[2025-07-23 13:05:54] [INFO] [wg.log:service_page.py:153] - 点击确定按钮, 操作元素: base=a, text=^确定$
[2025-07-23 13:05:55] [INFO] [wg.log:page_utils.py:23] - 点击确认按钮后截图：添加截图到Allure报告
[2025-07-23 13:05:56] [INFO] [wg.log:service_page.py:169] - 查询服务: 网关=gateway-proxy, 服务=qingzhou-test-service
[2025-07-23 13:05:56] [INFO] [wg.log:page_utils.py:39] - 验证成功: 元素 'qingzhou-test-service' 可见
[2025-07-23 13:05:56] [INFO] [wg.log:service_page.py:181] - 删除服务: text=删除
[2025-07-23 13:55:51] [INFO] [wg.log:login_page.py:30] - 加载动态数据,打开网页：http://console.test425-qingzhou.com
[2025-07-23 13:55:51] [INFO] [wg.log:login_page.py:41] - 输入用户名: 'admin', 操作元素: role=textbox, name=请输入账号
[2025-07-23 13:55:51] [INFO] [wg.log:login_page.py:55] - 输入用户密码: 'admin123456', 操作元素: role=textbox, name=请输入密码
[2025-07-23 13:55:52] [INFO] [wg.log:login_page.py:69] - 点击登录按钮, 操作元素: text='登录', exact=True
[2025-07-23 13:56:29] [INFO] [wg.log:login_page.py:30] - 加载动态数据,打开网页：http://console.test425-qingzhou.com
[2025-07-23 13:56:29] [INFO] [wg.log:login_page.py:41] - 输入用户名: 'admin', 操作元素: role=textbox, name=请输入账号
[2025-07-23 13:56:29] [INFO] [wg.log:login_page.py:55] - 输入用户密码: 'admin123456', 操作元素: role=textbox, name=请输入密码
[2025-07-23 13:56:29] [INFO] [wg.log:login_page.py:69] - 点击登录按钮, 操作元素: text='登录', exact=True
[2025-07-23 13:56:59] [ERROR] [wg.log:login_page.py:95] - 导航至API网关失败, 操作元素: base='div', text='re.compile('^API网关$')', child='span', 错误: Locator.click: Timeout 30000ms exceeded.
Call log:
waiting for locator("div").filter(has_text=re.compile(r"^API网关$")).locator("span")

[2025-07-23 13:57:27] [INFO] [wg.log:login_page.py:30] - 加载动态数据,打开网页：http://console.test425-qingzhou.com
[2025-07-23 13:57:27] [INFO] [wg.log:login_page.py:41] - 输入用户名: 'admin', 操作元素: role=textbox, name=请输入账号
[2025-07-23 13:57:28] [INFO] [wg.log:login_page.py:55] - 输入用户密码: 'admin123456', 操作元素: role=textbox, name=请输入密码
[2025-07-23 13:57:28] [INFO] [wg.log:login_page.py:69] - 点击登录按钮, 操作元素: text='登录', exact=True
[2025-07-23 13:58:07] [INFO] [wg.log:login_page.py:30] - 加载动态数据,打开网页：http://console.test425-qingzhou.com
[2025-07-23 13:58:07] [INFO] [wg.log:login_page.py:41] - 输入用户名: 'admin', 操作元素: role=textbox, name=请输入账号
[2025-07-23 13:58:07] [INFO] [wg.log:login_page.py:55] - 输入用户密码: 'admin123456', 操作元素: role=textbox, name=请输入密码
[2025-07-23 13:58:07] [INFO] [wg.log:login_page.py:69] - 点击登录按钮, 操作元素: text='登录', exact=True
[2025-07-23 13:58:37] [ERROR] [wg.log:login_page.py:95] - 导航至API网关失败, 操作元素: base='div', text='re.compile('^API网关$')', child='span', 错误: Locator.click: Timeout 30000ms exceeded.
Call log:
waiting for locator("div").filter(has_text=re.compile(r"^API网关$")).locator("span")

[2025-07-23 13:59:13] [INFO] [wg.log:login_page.py:30] - 加载动态数据,打开网页：http://console.test425-qingzhou.com
[2025-07-23 13:59:13] [INFO] [wg.log:login_page.py:41] - 输入用户名: 'admin', 操作元素: role=textbox, name=请输入账号
[2025-07-23 13:59:13] [INFO] [wg.log:login_page.py:55] - 输入用户密码: 'admin123456', 操作元素: role=textbox, name=请输入密码
[2025-07-23 13:59:13] [INFO] [wg.log:login_page.py:69] - 点击登录按钮, 操作元素: text='登录', exact=True
[2025-07-23 13:59:49] [INFO] [wg.log:login_page.py:30] - 加载动态数据,打开网页：http://console.test425-qingzhou.com
[2025-07-23 13:59:49] [INFO] [wg.log:login_page.py:41] - 输入用户名: 'admin', 操作元素: role=textbox, name=请输入账号
[2025-07-23 13:59:49] [INFO] [wg.log:login_page.py:55] - 输入用户密码: 'admin123456', 操作元素: role=textbox, name=请输入密码
[2025-07-23 13:59:50] [INFO] [wg.log:login_page.py:69] - 点击登录按钮, 操作元素: text='登录', exact=True
[2025-07-23 14:00:20] [ERROR] [wg.log:login_page.py:95] - 导航至API网关失败, 操作元素: base='div', text='re.compile('^API网关$')', child='span', 错误: Locator.click: Timeout 30000ms exceeded.
Call log:
waiting for locator("div").filter(has_text=re.compile(r"^API网关$")).locator("span")

[2025-07-23 14:14:48] [INFO] [wg.log:login_page.py:30] - 加载动态数据,打开网页：http://console.test425-qingzhou.com
[2025-07-23 14:14:48] [INFO] [wg.log:login_page.py:41] - 输入用户名: 'admin', 操作元素: role=textbox, name=请输入账号
[2025-07-23 14:14:48] [INFO] [wg.log:login_page.py:55] - 输入用户密码: 'admin123456', 操作元素: role=textbox, name=请输入密码
[2025-07-23 14:14:48] [INFO] [wg.log:login_page.py:69] - 点击登录按钮, 操作元素: text='登录', exact=True
[2025-07-23 14:15:19] [INFO] [wg.log:page_utils.py:23] - 登录轻舟：添加截图到Allure报告
[2025-07-23 14:15:19] [INFO] [wg.log:login_page.py:92] - 导航至API网关, 操作元素: base='div', text='re.compile('^API网关$')', child='span'
[2025-07-23 14:15:27] [INFO] [wg.log:page_utils.py:23] - 登录网关平台：添加截图到Allure报告
[2025-07-23 14:15:34] [INFO] [wg.log:login_page.py:30] - 加载动态数据,打开网页：http://console.test425-qingzhou.com
[2025-07-23 14:15:34] [INFO] [wg.log:login_page.py:41] - 输入用户名: 'admin', 操作元素: role=textbox, name=请输入账号
[2025-07-23 14:15:35] [INFO] [wg.log:login_page.py:55] - 输入用户密码: 'admin123456', 操作元素: role=textbox, name=请输入密码
[2025-07-23 14:15:35] [INFO] [wg.log:login_page.py:69] - 点击登录按钮, 操作元素: text='登录', exact=True
[2025-07-23 14:16:02] [INFO] [wg.log:login_page.py:92] - 导航至API网关, 操作元素: base='div', text='re.compile('^API网关$')', child='span'
[2025-07-23 14:16:07] [INFO] [wg.log:service_page.py:32] - 点击服务管理菜单, 操作元素: role=menuitem, name=服务管理
[2025-07-23 14:16:08] [INFO] [wg.log:service_page.py:46] - 点击'创建服务'按钮, 操作元素: base=a, text=创建服务
[2025-07-23 14:16:08] [INFO] [wg.log:service_page.py:59] - 选择协议: 'HTTP', 操作元素: role=radio, name=HTTP, exact=True
[2025-07-23 14:16:08] [INFO] [wg.log:service_page.py:72] - 输入服务名称: qingzhou-test-service, 操作元素: placeholder=以小写字母或数字开头和结尾，支持符号：-，2-63个字符以内
[2025-07-23 14:16:08] [INFO] [wg.log:service_page.py:85] - 输入服务别名: qingzhou_test_service, 操作元素: placeholder=100个字符以内
[2025-07-23 14:16:08] [INFO] [wg.log:service_page.py:101] - 选择网关: gateway-proxy, 操作元素: placeholder=请选择网关, 选项文本=gateway-proxy
[2025-07-23 14:16:09] [INFO] [wg.log:service_page.py:117] - 选择注册中心类型: Kubernetes, 操作元素: placeholder=请选择注册中心类型, 选项文本=Kubernetes
[2025-07-23 14:16:09] [INFO] [wg.log:service_page.py:125] - 选择应用名称: apigw-demo-e2e.apigw-demo.svc.cluster.local, 操作元素: placeholder=请选择应用名称, 选项文本=apigw-demo-e2e.apigw-demo.svc.cluster.local
[2025-07-23 14:16:10] [INFO] [wg.log:service_page.py:139] - 选择域名: 10.104.183.13, 操作元素: base=div, text=re.compile('^域名10\\.104\\.183\\.13'), child=textbox
[2025-07-23 14:16:10] [INFO] [wg.log:service_page.py:153] - 点击确定按钮, 操作元素: base=a, text=^确定$
[2025-07-23 14:16:11] [INFO] [wg.log:page_utils.py:23] - 点击确认按钮后截图：添加截图到Allure报告
[2025-07-23 14:16:11] [INFO] [wg.log:service_page.py:169] - 查询服务: 网关=gateway-proxy, 服务=qingzhou-test-service
[2025-07-23 14:16:12] [INFO] [wg.log:page_utils.py:39] - 验证成功: 元素 'qingzhou-test-service' 可见
[2025-07-23 14:16:12] [INFO] [wg.log:service_page.py:181] - 删除服务: text=删除
